0 info it worked if it ends with ok
1 verbose cli [ '/home/ubuntu/.nvm/versions/node/v5.6.0/bin/node',
1 verbose cli   '/home/ubuntu/.nvm/versions/node/v5.6.0/bin/npm',
1 verbose cli   'start' ]
2 info using npm@3.6.0
3 info using node@v5.6.0
4 verbose run-script [ 'prestart', 'start', 'poststart' ]
5 info lifecycle nodeatidweaver@0.0.1~prestart: nodeatidweaver@0.0.1
6 silly lifecycle nodeatidweaver@0.0.1~prestart: no script for prestart, continuing
7 info lifecycle nodeatidweaver@0.0.1~start: nodeatidweaver@0.0.1
8 verbose lifecycle nodeatidweaver@0.0.1~start: unsafe-perm in lifecycle true
9 verbose lifecycle nodeatidweaver@0.0.1~start: PATH: /home/ubuntu/.nvm/versions/node/v5.6.0/lib/node_modules/npm/bin/node-gyp-bin:/home/ubuntu/workspace/node_modules/.bin:/home/ubuntu/.nvm/versions/node/v5.6.0/bin:/usr/local/rvm/gems/ruby-2.3.0/bin:/usr/local/rvm/gems/ruby-2.3.0@global/bin:/usr/local/rvm/rubies/ruby-2.3.0/bin:/mnt/shared/bin:/home/ubuntu/workspace/node_modules/.bin:/home/ubuntu/bin:/usr/local/sbin:/usr/local/bin:/usr/sbin:/usr/bin:/sbin:/bin:/mnt/shared/sbin:/opt/gitl:/opt/go/bin:/mnt/shared/c9/app.nw/bin:/usr/local/rvm/bin
10 verbose lifecycle nodeatidweaver@0.0.1~start: CWD: /home/ubuntu/workspace
11 silly lifecycle nodeatidweaver@0.0.1~start: Args: [ '-c', 'node bin/www.js' ]
12 silly lifecycle nodeatidweaver@0.0.1~start: Returned: code: 1  signal: null
13 info lifecycle nodeatidweaver@0.0.1~start: Failed to exec start script
14 verbose stack Error: nodeatidweaver@0.0.1 start: `node bin/www.js`
14 verbose stack Exit status 1
14 verbose stack     at EventEmitter.<anonymous> (/home/ubuntu/.nvm/versions/node/v5.6.0/lib/node_modules/npm/lib/utils/lifecycle.js:232:16)
14 verbose stack     at emitTwo (events.js:100:13)
14 verbose stack     at EventEmitter.emit (events.js:185:7)
14 verbose stack     at ChildProcess.<anonymous> (/home/ubuntu/.nvm/versions/node/v5.6.0/lib/node_modules/npm/lib/utils/spawn.js:24:14)
14 verbose stack     at emitTwo (events.js:100:13)
14 verbose stack     at ChildProcess.emit (events.js:185:7)
14 verbose stack     at maybeClose (internal/child_process.js:827:16)
14 verbose stack     at Process.ChildProcess._handle.onexit (internal/child_process.js:211:5)
15 verbose pkgid nodeatidweaver@0.0.1
16 verbose cwd /home/ubuntu/workspace
17 error Linux 4.2.0-c9
18 error argv "/home/ubuntu/.nvm/versions/node/v5.6.0/bin/node" "/home/ubuntu/.nvm/versions/node/v5.6.0/bin/npm" "start"
19 error node v5.6.0
20 error npm  v3.6.0
21 error code ELIFECYCLE
22 error nodeatidweaver@0.0.1 start: `node bin/www.js`
22 error Exit status 1
23 error Failed at the nodeatidweaver@0.0.1 start script 'node bin/www.js'.
23 error Make sure you have the latest version of node.js and npm installed.
23 error If you do, this is most likely a problem with the nodeatidweaver package,
23 error not with npm itself.
23 error Tell the author that this fails on your system:
23 error     node bin/www.js
23 error You can get information on how to open an issue for this project with:
23 error     npm bugs nodeatidweaver
23 error Or if that isn't available, you can get their info via:
23 error     npm owner ls nodeatidweaver
23 error There is likely additional logging output above.
24 verbose exit [ 1, true ]
